[2025-01-27T16:53:50.995+0000][gc,heap] Heap region size: 1M
[2025-01-27T16:53:51.008+0000][gc     ] Using G1
[2025-01-27T16:53:51.008+0000][gc,heap,coops] Heap address: 0x00000000c0000000, size: 1024 MB, Compressed Oops mode: 32-bit
[2025-01-27T16:53:51.008+0000][gc,cds       ] Mark closed archive regions in map: [0x00000000fff00000, 0x00000000fff6bff8]
[2025-01-27T16:53:51.008+0000][gc,cds       ] Mark open archive regions in map: [0x00000000ffe00000, 0x00000000ffe47ff8]
[2025-01-27T16:53:52.230+0000][gc,start     ] GC(0) Pause Young (Normal) (G1 Evacuation Pause)
[2025-01-27T16:53:52.231+0000][gc,task      ] GC(0) Using 2 workers of 2 for evacuation
[2025-01-27T16:53:52.249+0000][gc,phases    ] GC(0)   Pre Evacuate Collection Set: 0.0ms
[2025-01-27T16:53:52.249+0000][gc,phases    ] GC(0)   Evacuate Collection Set: 18.2ms
[2025-01-27T16:53:52.249+0000][gc,phases    ] GC(0)   Post Evacuate Collection Set: 0.3ms
[2025-01-27T16:53:52.249+0000][gc,phases    ] GC(0)   Other: 0.4ms
[2025-01-27T16:53:52.249+0000][gc,heap      ] GC(0) Eden regions: 51->0(44)
[2025-01-27T16:53:52.249+0000][gc,heap      ] GC(0) Survivor regions: 0->7(7)
[2025-01-27T16:53:52.250+0000][gc,heap      ] GC(0) Old regions: 2->2
[2025-01-27T16:53:52.250+0000][gc,heap      ] GC(0) Humongous regions: 0->0
[2025-01-27T16:53:52.250+0000][gc,metaspace ] GC(0) Metaspace: 17069K(17920K)->17069K(17920K) NonClass: 14825K(15360K)->14825K(15360K) Class: 2244K(2560K)->2244K(2560K)
[2025-01-27T16:53:52.250+0000][gc           ] GC(0) Pause Young (Normal) (G1 Evacuation Pause) 51M->7M(1024M) 19.261ms
[2025-01-27T16:53:52.250+0000][gc,cpu       ] GC(0) User=0.04s Sys=0.00s Real=0.02s
[2025-01-27T16:53:52.472+0000][gc,start     ] GC(1) Pause Young (Concurrent Start) (Metadata GC Threshold)
[2025-01-27T16:53:52.472+0000][gc,task      ] GC(1) Using 2 workers of 2 for evacuation
[2025-01-27T16:53:52.484+0000][gc,phases    ] GC(1)   Pre Evacuate Collection Set: 0.1ms
[2025-01-27T16:53:52.484+0000][gc,phases    ] GC(1)   Evacuate Collection Set: 11.7ms
[2025-01-27T16:53:52.485+0000][gc,phases    ] GC(1)   Post Evacuate Collection Set: 0.3ms
[2025-01-27T16:53:52.485+0000][gc,phases    ] GC(1)   Other: 0.2ms
[2025-01-27T16:53:52.485+0000][gc,heap      ] GC(1) Eden regions: 15->0(50)
[2025-01-27T16:53:52.485+0000][gc,heap      ] GC(1) Survivor regions: 7->1(7)
[2025-01-27T16:53:52.485+0000][gc,heap      ] GC(1) Old regions: 2->9
[2025-01-27T16:53:52.485+0000][gc,heap      ] GC(1) Humongous regions: 0->0
[2025-01-27T16:53:52.485+0000][gc,metaspace ] GC(1) Metaspace: 20458K(21248K)->20458K(21248K) NonClass: 17692K(18176K)->17692K(18176K) Class: 2766K(3072K)->2766K(3072K)
[2025-01-27T16:53:52.485+0000][gc           ] GC(1) Pause Young (Concurrent Start) (Metadata GC Threshold) 21M->7M(1024M) 12.296ms
[2025-01-27T16:53:52.485+0000][gc,cpu       ] GC(1) User=0.02s Sys=0.00s Real=0.01s
[2025-01-27T16:53:52.485+0000][gc           ] GC(2) Concurrent Cycle
[2025-01-27T16:53:52.485+0000][gc,marking   ] GC(2) Concurrent Clear Claimed Marks
[2025-01-27T16:53:52.485+0000][gc,marking   ] GC(2) Concurrent Clear Claimed Marks 0.040ms
[2025-01-27T16:53:52.485+0000][gc,marking   ] GC(2) Concurrent Scan Root Regions
[2025-01-27T16:53:52.486+0000][gc,marking   ] GC(2) Concurrent Scan Root Regions 1.236ms
[2025-01-27T16:53:52.486+0000][gc,marking   ] GC(2) Concurrent Mark (1.503s)
[2025-01-27T16:53:52.486+0000][gc,marking   ] GC(2) Concurrent Mark From Roots
[2025-01-27T16:53:52.486+0000][gc,task      ] GC(2) Using 1 workers of 1 for marking
[2025-01-27T16:53:52.495+0000][gc,marking   ] GC(2) Concurrent Mark From Roots 8.986ms
[2025-01-27T16:53:52.495+0000][gc,marking   ] GC(2) Concurrent Preclean
[2025-01-27T16:53:52.495+0000][gc,marking   ] GC(2) Concurrent Preclean 0.050ms
[2025-01-27T16:53:52.495+0000][gc,marking   ] GC(2) Concurrent Mark (1.503s, 1.512s) 9.117ms
[2025-01-27T16:53:52.495+0000][gc,start     ] GC(2) Pause Remark
[2025-01-27T16:53:52.508+0000][gc,stringtable] GC(2) Cleaned string and symbol table, strings: 5446 processed, 0 removed, symbols: 51482 processed, 47 removed
[2025-01-27T16:53:52.508+0000][gc            ] GC(2) Pause Remark 8M->8M(1024M) 12.451ms
[2025-01-27T16:53:52.508+0000][gc,cpu        ] GC(2) User=0.02s Sys=0.00s Real=0.01s
[2025-01-27T16:53:52.508+0000][gc,marking    ] GC(2) Concurrent Rebuild Remembered Sets
[2025-01-27T16:53:52.513+0000][gc,marking    ] GC(2) Concurrent Rebuild Remembered Sets 5.193ms
[2025-01-27T16:53:52.513+0000][gc,start      ] GC(2) Pause Cleanup
[2025-01-27T16:53:52.514+0000][gc            ] GC(2) Pause Cleanup 9M->9M(1024M) 0.187ms
[2025-01-27T16:53:52.514+0000][gc,cpu        ] GC(2) User=0.00s Sys=0.00s Real=0.00s
[2025-01-27T16:53:52.514+0000][gc,marking    ] GC(2) Concurrent Cleanup for Next Mark
[2025-01-27T16:53:52.519+0000][gc,marking    ] GC(2) Concurrent Cleanup for Next Mark 4.992ms
[2025-01-27T16:53:52.519+0000][gc            ] GC(2) Concurrent Cycle 34.011ms
[2025-01-27T16:53:53.444+0000][gc,start      ] GC(3) Pause Young (Normal) (G1 Evacuation Pause)
[2025-01-27T16:53:53.444+0000][gc,task       ] GC(3) Using 2 workers of 2 for evacuation
[2025-01-27T16:53:53.452+0000][gc,phases     ] GC(3)   Pre Evacuate Collection Set: 0.0ms
[2025-01-27T16:53:53.452+0000][gc,phases     ] GC(3)   Evacuate Collection Set: 7.6ms
[2025-01-27T16:53:53.452+0000][gc,phases     ] GC(3)   Post Evacuate Collection Set: 0.3ms
[2025-01-27T16:53:53.452+0000][gc,phases     ] GC(3)   Other: 0.2ms
[2025-01-27T16:53:53.452+0000][gc,heap       ] GC(3) Eden regions: 50->0(46)
[2025-01-27T16:53:53.452+0000][gc,heap       ] GC(3) Survivor regions: 1->5(7)
[2025-01-27T16:53:53.452+0000][gc,heap       ] GC(3) Old regions: 9->9
[2025-01-27T16:53:53.452+0000][gc,heap       ] GC(3) Humongous regions: 129->129
[2025-01-27T16:53:53.452+0000][gc,metaspace  ] GC(3) Metaspace: 29200K(30336K)->29200K(30336K) NonClass: 25514K(26112K)->25514K(26112K) Class: 3685K(4224K)->3685K(4224K)
[2025-01-27T16:53:53.453+0000][gc            ] GC(3) Pause Young (Normal) (G1 Evacuation Pause) 186M->140M(1024M) 8.146ms
[2025-01-27T16:53:53.453+0000][gc,cpu        ] GC(3) User=0.01s Sys=0.00s Real=0.01s
[2025-01-27T16:53:53.840+0000][gc,start      ] GC(4) Pause Young (Concurrent Start) (Metadata GC Threshold)
[2025-01-27T16:53:53.840+0000][gc,task       ] GC(4) Using 2 workers of 2 for evacuation
[2025-01-27T16:53:53.859+0000][gc,phases     ] GC(4)   Pre Evacuate Collection Set: 0.1ms
[2025-01-27T16:53:53.859+0000][gc,phases     ] GC(4)   Evacuate Collection Set: 18.2ms
[2025-01-27T16:53:53.859+0000][gc,phases     ] GC(4)   Post Evacuate Collection Set: 0.3ms
[2025-01-27T16:53:53.859+0000][gc,phases     ] GC(4)   Other: 0.2ms
[2025-01-27T16:53:53.859+0000][gc,heap       ] GC(4) Eden regions: 23->0(49)
[2025-01-27T16:53:53.859+0000][gc,heap       ] GC(4) Survivor regions: 5->2(7)
[2025-01-27T16:53:53.859+0000][gc,heap       ] GC(4) Old regions: 9->13
[2025-01-27T16:53:53.859+0000][gc,heap       ] GC(4) Humongous regions: 129->129
[2025-01-27T16:53:53.859+0000][gc,metaspace  ] GC(4) Metaspace: 34531K(35840K)->34531K(35840K) NonClass: 30268K(30976K)->30268K(30976K) Class: 4263K(4864K)->4263K(4864K)
[2025-01-27T16:53:53.859+0000][gc            ] GC(4) Pause Young (Concurrent Start) (Metadata GC Threshold) 163M->142M(1024M) 19.234ms
[2025-01-27T16:53:53.859+0000][gc,cpu        ] GC(4) User=0.03s Sys=0.01s Real=0.02s
[2025-01-27T16:53:53.859+0000][gc            ] GC(5) Concurrent Cycle
[2025-01-27T16:53:53.859+0000][gc,marking    ] GC(5) Concurrent Clear Claimed Marks
[2025-01-27T16:53:53.859+0000][gc,marking    ] GC(5) Concurrent Clear Claimed Marks 0.054ms
[2025-01-27T16:53:53.859+0000][gc,marking    ] GC(5) Concurrent Scan Root Regions
[2025-01-27T16:53:53.861+0000][gc,marking    ] GC(5) Concurrent Scan Root Regions 1.602ms
[2025-01-27T16:53:53.861+0000][gc,marking    ] GC(5) Concurrent Mark (2.877s)
[2025-01-27T16:53:53.861+0000][gc,marking    ] GC(5) Concurrent Mark From Roots
[2025-01-27T16:53:53.861+0000][gc,task       ] GC(5) Using 1 workers of 1 for marking
[2025-01-27T16:53:53.893+0000][gc,marking    ] GC(5) Concurrent Mark From Roots 31.732ms
[2025-01-27T16:53:53.893+0000][gc,marking    ] GC(5) Concurrent Preclean
[2025-01-27T16:53:53.893+0000][gc,marking    ] GC(5) Concurrent Preclean 0.076ms
[2025-01-27T16:53:53.893+0000][gc,marking    ] GC(5) Concurrent Mark (2.877s, 2.909s) 31.865ms
[2025-01-27T16:53:53.893+0000][gc,start      ] GC(5) Pause Remark
[2025-01-27T16:53:53.896+0000][gc,stringtable] GC(5) Cleaned string and symbol table, strings: 10176 processed, 11 removed, symbols: 81191 processed, 26 removed
[2025-01-27T16:53:53.897+0000][gc            ] GC(5) Pause Remark 143M->143M(1024M) 3.691ms
[2025-01-27T16:53:53.897+0000][gc,cpu        ] GC(5) User=0.00s Sys=0.00s Real=0.00s
[2025-01-27T16:53:53.897+0000][gc,marking    ] GC(5) Concurrent Rebuild Remembered Sets
[2025-01-27T16:53:53.929+0000][gc,marking    ] GC(5) Concurrent Rebuild Remembered Sets 32.158ms
[2025-01-27T16:53:53.929+0000][gc,start      ] GC(5) Pause Cleanup
[2025-01-27T16:53:53.929+0000][gc            ] GC(5) Pause Cleanup 146M->146M(1024M) 0.180ms
[2025-01-27T16:53:53.929+0000][gc,cpu        ] GC(5) User=0.00s Sys=0.00s Real=0.00s
[2025-01-27T16:53:53.929+0000][gc,marking    ] GC(5) Concurrent Cleanup for Next Mark
[2025-01-27T16:53:53.934+0000][gc,marking    ] GC(5) Concurrent Cleanup for Next Mark 4.489ms
[2025-01-27T16:53:53.934+0000][gc            ] GC(5) Concurrent Cycle 74.757ms
[2025-01-27T16:55:13.046+0000][gc,start      ] GC(6) Pause Young (Concurrent Start) (G1 Evacuation Pause)
[2025-01-27T16:55:13.046+0000][gc,task       ] GC(6) Using 2 workers of 2 for evacuation
[2025-01-27T16:55:13.061+0000][gc,phases     ] GC(6)   Pre Evacuate Collection Set: 0.2ms
[2025-01-27T16:55:13.061+0000][gc,phases     ] GC(6)   Evacuate Collection Set: 14.5ms
[2025-01-27T16:55:13.061+0000][gc,phases     ] GC(6)   Post Evacuate Collection Set: 0.4ms
[2025-01-27T16:55:13.061+0000][gc,phases     ] GC(6)   Other: 0.2ms
[2025-01-27T16:55:13.061+0000][gc,heap       ] GC(6) Eden regions: 49->0(47)
[2025-01-27T16:55:13.061+0000][gc,heap       ] GC(6) Survivor regions: 2->4(7)
[2025-01-27T16:55:13.061+0000][gc,heap       ] GC(6) Old regions: 13->13
[2025-01-27T16:55:13.061+0000][gc,heap       ] GC(6) Humongous regions: 171->129
[2025-01-27T16:55:13.061+0000][gc,metaspace  ] GC(6) Metaspace: 38994K(41036K)->38994K(41036K) NonClass: 33997K(35072K)->33997K(35072K) Class: 4996K(5964K)->4996K(5964K)
[2025-01-27T16:55:13.061+0000][gc            ] GC(6) Pause Young (Concurrent Start) (G1 Evacuation Pause) 233M->143M(1024M) 15.404ms
[2025-01-27T16:55:13.061+0000][gc,cpu        ] GC(6) User=0.02s Sys=0.00s Real=0.01s
[2025-01-27T16:55:13.061+0000][gc            ] GC(7) Concurrent Cycle
[2025-01-27T16:55:13.061+0000][gc,marking    ] GC(7) Concurrent Clear Claimed Marks
[2025-01-27T16:55:13.061+0000][gc,marking    ] GC(7) Concurrent Clear Claimed Marks 0.066ms
[2025-01-27T16:55:13.061+0000][gc,marking    ] GC(7) Concurrent Scan Root Regions
[2025-01-27T16:55:13.065+0000][gc,marking    ] GC(7) Concurrent Scan Root Regions 3.321ms
[2025-01-27T16:55:13.065+0000][gc,marking    ] GC(7) Concurrent Mark (82.081s)
[2025-01-27T16:55:13.065+0000][gc,marking    ] GC(7) Concurrent Mark From Roots
[2025-01-27T16:55:13.065+0000][gc,task       ] GC(7) Using 1 workers of 1 for marking
[2025-01-27T16:55:13.098+0000][gc,marking    ] GC(7) Concurrent Mark From Roots 33.681ms
[2025-01-27T16:55:13.098+0000][gc,marking    ] GC(7) Concurrent Preclean
[2025-01-27T16:55:13.098+0000][gc,marking    ] GC(7) Concurrent Preclean 0.067ms
[2025-01-27T16:55:13.098+0000][gc,marking    ] GC(7) Concurrent Mark (82.081s, 82.115s) 33.813ms
[2025-01-27T16:55:13.099+0000][gc,start      ] GC(7) Pause Remark
[2025-01-27T16:55:13.119+0000][gc,stringtable] GC(7) Cleaned string and symbol table, strings: 11332 processed, 4 removed, symbols: 83827 processed, 2 removed
[2025-01-27T16:55:13.119+0000][gc,mmu        ] GC(7) MMU target violated: 20.3ms (20.0ms/21.0ms)
[2025-01-27T16:55:13.119+0000][gc            ] GC(7) Pause Remark 144M->144M(1024M) 20.388ms
[2025-01-27T16:55:13.119+0000][gc,cpu        ] GC(7) User=0.02s Sys=0.00s Real=0.02s
[2025-01-27T16:55:13.119+0000][gc,marking    ] GC(7) Concurrent Rebuild Remembered Sets
[2025-01-27T16:55:13.129+0000][gc,marking    ] GC(7) Concurrent Rebuild Remembered Sets 9.691ms
[2025-01-27T16:55:13.129+0000][gc,start      ] GC(7) Pause Cleanup
[2025-01-27T16:55:13.129+0000][gc            ] GC(7) Pause Cleanup 144M->144M(1024M) 0.229ms
[2025-01-27T16:55:13.129+0000][gc,cpu        ] GC(7) User=0.00s Sys=0.00s Real=0.00s
[2025-01-27T16:55:13.129+0000][gc,marking    ] GC(7) Concurrent Cleanup for Next Mark
[2025-01-27T16:55:13.134+0000][gc,marking    ] GC(7) Concurrent Cleanup for Next Mark 4.739ms
[2025-01-27T16:55:13.134+0000][gc            ] GC(7) Concurrent Cycle 73.044ms
[2025-01-27T16:55:52.460+0000][gc,start      ] GC(8) Pause Young (Normal) (G1 Evacuation Pause)
[2025-01-27T16:55:52.460+0000][gc,task       ] GC(8) Using 2 workers of 2 for evacuation
[2025-01-27T16:55:52.467+0000][gc,phases     ] GC(8)   Pre Evacuate Collection Set: 0.0ms
[2025-01-27T16:55:52.467+0000][gc,phases     ] GC(8)   Evacuate Collection Set: 6.6ms
[2025-01-27T16:55:52.467+0000][gc,phases     ] GC(8)   Post Evacuate Collection Set: 0.4ms
[2025-01-27T16:55:52.467+0000][gc,phases     ] GC(8)   Other: 0.2ms
[2025-01-27T16:55:52.467+0000][gc,heap       ] GC(8) Eden regions: 47->0(47)
[2025-01-27T16:55:52.467+0000][gc,heap       ] GC(8) Survivor regions: 4->4(7)
[2025-01-27T16:55:52.467+0000][gc,heap       ] GC(8) Old regions: 13->13
[2025-01-27T16:55:52.467+0000][gc,heap       ] GC(8) Humongous regions: 129->129
[2025-01-27T16:55:52.467+0000][gc,metaspace  ] GC(8) Metaspace: 39019K(41036K)->39019K(41036K) NonClass: 34023K(35072K)->34023K(35072K) Class: 4996K(5964K)->4996K(5964K)
[2025-01-27T16:55:52.467+0000][gc            ] GC(8) Pause Young (Normal) (G1 Evacuation Pause) 190M->143M(1024M) 7.322ms
[2025-01-27T16:55:52.467+0000][gc,cpu        ] GC(8) User=0.01s Sys=0.00s Real=0.01s
[2025-01-27T16:56:35.437+0000][gc,start      ] GC(9) Pause Young (Normal) (G1 Evacuation Pause)
[2025-01-27T16:56:35.437+0000][gc,task       ] GC(9) Using 2 workers of 2 for evacuation
[2025-01-27T16:56:35.443+0000][gc,phases     ] GC(9)   Pre Evacuate Collection Set: 0.0ms
[2025-01-27T16:56:35.443+0000][gc,phases     ] GC(9)   Evacuate Collection Set: 6.2ms
[2025-01-27T16:56:35.443+0000][gc,phases     ] GC(9)   Post Evacuate Collection Set: 0.3ms
[2025-01-27T16:56:35.443+0000][gc,phases     ] GC(9)   Other: 0.2ms
[2025-01-27T16:56:35.443+0000][gc,heap       ] GC(9) Eden regions: 47->0(47)
[2025-01-27T16:56:35.443+0000][gc,heap       ] GC(9) Survivor regions: 4->4(7)
[2025-01-27T16:56:35.443+0000][gc,heap       ] GC(9) Old regions: 13->13
[2025-01-27T16:56:35.443+0000][gc,heap       ] GC(9) Humongous regions: 129->129
[2025-01-27T16:56:35.443+0000][gc,metaspace  ] GC(9) Metaspace: 39085K(41036K)->39085K(41036K) NonClass: 34088K(35072K)->34088K(35072K) Class: 4997K(5964K)->4997K(5964K)
[2025-01-27T16:56:35.443+0000][gc            ] GC(9) Pause Young (Normal) (G1 Evacuation Pause) 190M->143M(1024M) 6.843ms
[2025-01-27T16:56:35.443+0000][gc,cpu        ] GC(9) User=0.01s Sys=0.00s Real=0.01s
[2025-01-27T16:57:18.328+0000][gc,start      ] GC(10) Pause Young (Normal) (G1 Evacuation Pause)
[2025-01-27T16:57:18.328+0000][gc,task       ] GC(10) Using 2 workers of 2 for evacuation
[2025-01-27T16:57:18.334+0000][gc,phases     ] GC(10)   Pre Evacuate Collection Set: 0.0ms
[2025-01-27T16:57:18.335+0000][gc,phases     ] GC(10)   Evacuate Collection Set: 5.9ms
[2025-01-27T16:57:18.335+0000][gc,phases     ] GC(10)   Post Evacuate Collection Set: 0.3ms
[2025-01-27T16:57:18.335+0000][gc,phases     ] GC(10)   Other: 0.2ms
[2025-01-27T16:57:18.335+0000][gc,heap       ] GC(10) Eden regions: 47->0(47)
[2025-01-27T16:57:18.335+0000][gc,heap       ] GC(10) Survivor regions: 4->4(7)
[2025-01-27T16:57:18.335+0000][gc,heap       ] GC(10) Old regions: 13->13
[2025-01-27T16:57:18.335+0000][gc,heap       ] GC(10) Humongous regions: 129->129
[2025-01-27T16:57:18.335+0000][gc,metaspace  ] GC(10) Metaspace: 39114K(41292K)->39114K(41292K) NonClass: 34116K(35328K)->34116K(35328K) Class: 4997K(5964K)->4997K(5964K)
[2025-01-27T16:57:18.335+0000][gc            ] GC(10) Pause Young (Normal) (G1 Evacuation Pause) 190M->143M(1024M) 6.520ms
[2025-01-27T16:57:18.335+0000][gc,cpu        ] GC(10) User=0.01s Sys=0.00s Real=0.01s
