[2025-01-27 16:04:53,740] INFO [GroupMetadataManager brokerId=0] Removed 0 expired offsets in 4 milliseconds. (kafka.coordinator.group.GroupMetadataManager)
[2025-01-27 16:06:46,622] INFO [GroupCoordinator 0]: Member consumer-spark-kafka-source-9a7a18fd-1316-402b-807d-70b69c9d2daf--787337731-driver-0-1-0509d216-8967-496c-885a-eb49d33a0a6b in group spark-kafka-source-9a7a18fd-1316-402b-807d-70b69c9d2daf--787337731-driver-0 has failed, removing it from the group (kafka.coordinator.group.GroupCoordinator)
[2025-01-27 16:06:46,623] INFO [GroupCoordinator 0]: Preparing to rebalance group spark-kafka-source-9a7a18fd-1316-402b-807d-70b69c9d2daf--787337731-driver-0 in state PreparingRebalance with old generation 1 (__consumer_offsets-3) (reason: removing member consumer-spark-kafka-source-9a7a18fd-1316-402b-807d-70b69c9d2daf--787337731-driver-0-1-0509d216-8967-496c-885a-eb49d33a0a6b on heartbeat expiration) (kafka.coordinator.group.GroupCoordinator)
[2025-01-27 16:06:46,623] INFO [GroupCoordinator 0]: Group spark-kafka-source-9a7a18fd-1316-402b-807d-70b69c9d2daf--787337731-driver-0 with generation 2 is now empty (__consumer_offsets-3) (kafka.coordinator.group.GroupCoordinator)
[2025-01-27 16:06:46,734] INFO [GroupCoordinator 0]: Member consumer-spark-kafka-source-ac6d5577-0727-4a0a-ad25-32ef34c22a20-739024620-driver-0-2-d52b4c76-701f-413d-a1b5-a1cee1660a76 in group spark-kafka-source-ac6d5577-0727-4a0a-ad25-32ef34c22a20-739024620-driver-0 has failed, removing it from the group (kafka.coordinator.group.GroupCoordinator)
[2025-01-27 16:06:46,734] INFO [GroupCoordinator 0]: Preparing to rebalance group spark-kafka-source-ac6d5577-0727-4a0a-ad25-32ef34c22a20-739024620-driver-0 in state PreparingRebalance with old generation 1 (__consumer_offsets-34) (reason: removing member consumer-spark-kafka-source-ac6d5577-0727-4a0a-ad25-32ef34c22a20-739024620-driver-0-2-d52b4c76-701f-413d-a1b5-a1cee1660a76 on heartbeat expiration) (kafka.coordinator.group.GroupCoordinator)
[2025-01-27 16:06:46,735] INFO [GroupCoordinator 0]: Group spark-kafka-source-ac6d5577-0727-4a0a-ad25-32ef34c22a20-739024620-driver-0 with generation 2 is now empty (__consumer_offsets-34) (kafka.coordinator.group.GroupCoordinator)
[2025-01-27 16:06:49,186] INFO Terminating process due to signal SIGINT (org.apache.kafka.common.utils.LoggingSignalHandler)
[2025-01-27 16:06:49,189] INFO [KafkaServer id=0] shutting down (kafka.server.KafkaServer)
[2025-01-27 16:06:49,190] INFO [KafkaServer id=0] Starting controlled shutdown (kafka.server.KafkaServer)
[2025-01-27 16:06:49,232] INFO [KafkaServer id=0] Controlled shutdown succeeded (kafka.server.KafkaServer)
[2025-01-27 16:06:49,234] INFO [/config/changes-event-process-thread]: Shutting down (kafka.common.ZkNodeChangeNotificationListener$ChangeEventProcessThread)
[2025-01-27 16:06:49,235] INFO [/config/changes-event-process-thread]: Stopped (kafka.common.ZkNodeChangeNotificationListener$ChangeEventProcessThread)
[2025-01-27 16:06:49,241] INFO [/config/changes-event-process-thread]: Shutdown completed (kafka.common.ZkNodeChangeNotificationListener$ChangeEventProcessThread)
[2025-01-27 16:06:49,241] INFO [SocketServer brokerId=0] Stopping socket server request processors (kafka.network.SocketServer)
[2025-01-27 16:06:49,257] INFO [SocketServer brokerId=0] Stopped socket server request processors (kafka.network.SocketServer)
[2025-01-27 16:06:49,258] INFO [data-plane Kafka Request Handler on Broker 0], shutting down (kafka.server.KafkaRequestHandlerPool)
[2025-01-27 16:06:49,261] INFO [data-plane Kafka Request Handler on Broker 0], shut down completely (kafka.server.KafkaRequestHandlerPool)
[2025-01-27 16:06:49,270] INFO [ExpirationReaper-0-AlterAcls]: Shutting down (kafka.server.DelayedOperationPurgatory$ExpiredOperationReaper)
[2025-01-27 16:06:49,299] INFO [ExpirationReaper-0-AlterAcls]: Shutdown completed (kafka.server.DelayedOperationPurgatory$ExpiredOperationReaper)
[2025-01-27 16:06:49,299] INFO [ExpirationReaper-0-AlterAcls]: Stopped (kafka.server.DelayedOperationPurgatory$ExpiredOperationReaper)
[2025-01-27 16:06:49,301] INFO [KafkaApi-0] Shutdown complete. (kafka.server.KafkaApis)
[2025-01-27 16:06:49,301] INFO [ExpirationReaper-0-topic]: Shutting down (kafka.server.DelayedOperationPurgatory$ExpiredOperationReaper)
[2025-01-27 16:06:49,424] INFO [ExpirationReaper-0-topic]: Stopped (kafka.server.DelayedOperationPurgatory$ExpiredOperationReaper)
[2025-01-27 16:06:49,424] INFO [ExpirationReaper-0-topic]: Shutdown completed (kafka.server.DelayedOperationPurgatory$ExpiredOperationReaper)
[2025-01-27 16:06:49,425] INFO [TransactionCoordinator id=0] Shutting down. (kafka.coordinator.transaction.TransactionCoordinator)
[2025-01-27 16:06:49,426] INFO [ProducerId Manager 0]: Shutdown complete: last producerId assigned 0 (kafka.coordinator.transaction.ProducerIdManager)
[2025-01-27 16:06:49,426] INFO [Transaction State Manager 0]: Shutdown complete (kafka.coordinator.transaction.TransactionStateManager)
[2025-01-27 16:06:49,426] INFO [Transaction Marker Channel Manager 0]: Shutting down (kafka.coordinator.transaction.TransactionMarkerChannelManager)
[2025-01-27 16:06:49,427] INFO [Transaction Marker Channel Manager 0]: Shutdown completed (kafka.coordinator.transaction.TransactionMarkerChannelManager)
[2025-01-27 16:06:49,427] INFO [Transaction Marker Channel Manager 0]: Stopped (kafka.coordinator.transaction.TransactionMarkerChannelManager)
[2025-01-27 16:06:49,427] INFO [TransactionCoordinator id=0] Shutdown complete. (kafka.coordinator.transaction.TransactionCoordinator)
[2025-01-27 16:06:49,428] INFO [GroupCoordinator 0]: Shutting down. (kafka.coordinator.group.GroupCoordinator)
[2025-01-27 16:06:49,428] INFO [ExpirationReaper-0-Heartbeat]: Shutting down (kafka.server.DelayedOperationPurgatory$ExpiredOperationReaper)
[2025-01-27 16:06:49,535] INFO [ExpirationReaper-0-Heartbeat]: Stopped (kafka.server.DelayedOperationPurgatory$ExpiredOperationReaper)
[2025-01-27 16:06:49,535] INFO [ExpirationReaper-0-Heartbeat]: Shutdown completed (kafka.server.DelayedOperationPurgatory$ExpiredOperationReaper)
[2025-01-27 16:06:49,536] INFO [ExpirationReaper-0-Rebalance]: Shutting down (kafka.server.DelayedOperationPurgatory$ExpiredOperationReaper)
[2025-01-27 16:06:49,735] INFO [ExpirationReaper-0-Rebalance]: Stopped (kafka.server.DelayedOperationPurgatory$ExpiredOperationReaper)
[2025-01-27 16:06:49,735] INFO [ExpirationReaper-0-Rebalance]: Shutdown completed (kafka.server.DelayedOperationPurgatory$ExpiredOperationReaper)
[2025-01-27 16:06:49,736] INFO [GroupCoordinator 0]: Shutdown complete. (kafka.coordinator.group.GroupCoordinator)
[2025-01-27 16:06:49,737] INFO [ReplicaManager broker=0] Shutting down (kafka.server.ReplicaManager)
[2025-01-27 16:06:49,737] INFO [LogDirFailureHandler]: Shutting down (kafka.server.ReplicaManager$LogDirFailureHandler)
[2025-01-27 16:06:49,737] INFO [LogDirFailureHandler]: Shutdown completed (kafka.server.ReplicaManager$LogDirFailureHandler)
[2025-01-27 16:06:49,737] INFO [LogDirFailureHandler]: Stopped (kafka.server.ReplicaManager$LogDirFailureHandler)
[2025-01-27 16:06:49,738] INFO [ReplicaFetcherManager on broker 0] shutting down (kafka.server.ReplicaFetcherManager)
[2025-01-27 16:06:49,739] INFO [ReplicaFetcherManager on broker 0] shutdown completed (kafka.server.ReplicaFetcherManager)
[2025-01-27 16:06:49,740] INFO [ReplicaAlterLogDirsManager on broker 0] shutting down (kafka.server.ReplicaAlterLogDirsManager)
[2025-01-27 16:06:49,740] INFO [ReplicaAlterLogDirsManager on broker 0] shutdown completed (kafka.server.ReplicaAlterLogDirsManager)
[2025-01-27 16:06:49,740] INFO [ExpirationReaper-0-Fetch]: Shutting down (kafka.server.DelayedOperationPurgatory$ExpiredOperationReaper)
[2025-01-27 16:06:49,842] INFO [ExpirationReaper-0-Fetch]: Stopped (kafka.server.DelayedOperationPurgatory$ExpiredOperationReaper)
[2025-01-27 16:06:49,842] INFO [ExpirationReaper-0-Fetch]: Shutdown completed (kafka.server.DelayedOperationPurgatory$ExpiredOperationReaper)
[2025-01-27 16:06:49,842] INFO [ExpirationReaper-0-Produce]: Shutting down (kafka.server.DelayedOperationPurgatory$ExpiredOperationReaper)
[2025-01-27 16:06:49,974] INFO [ExpirationReaper-0-Produce]: Stopped (kafka.server.DelayedOperationPurgatory$ExpiredOperationReaper)
[2025-01-27 16:06:49,974] INFO [ExpirationReaper-0-Produce]: Shutdown completed (kafka.server.DelayedOperationPurgatory$ExpiredOperationReaper)
[2025-01-27 16:06:49,974] INFO [ExpirationReaper-0-DeleteRecords]: Shutting down (kafka.server.DelayedOperationPurgatory$ExpiredOperationReaper)
[2025-01-27 16:06:49,984] INFO [ExpirationReaper-0-DeleteRecords]: Stopped (kafka.server.DelayedOperationPurgatory$ExpiredOperationReaper)
[2025-01-27 16:06:49,984] INFO [ExpirationReaper-0-DeleteRecords]: Shutdown completed (kafka.server.DelayedOperationPurgatory$ExpiredOperationReaper)
[2025-01-27 16:06:49,984] INFO [ExpirationReaper-0-ElectLeader]: Shutting down (kafka.server.DelayedOperationPurgatory$ExpiredOperationReaper)
[2025-01-27 16:06:50,173] INFO [ExpirationReaper-0-ElectLeader]: Stopped (kafka.server.DelayedOperationPurgatory$ExpiredOperationReaper)
[2025-01-27 16:06:50,173] INFO [ExpirationReaper-0-ElectLeader]: Shutdown completed (kafka.server.DelayedOperationPurgatory$ExpiredOperationReaper)
[2025-01-27 16:06:50,176] INFO [ReplicaManager broker=0] Shut down completely (kafka.server.ReplicaManager)
[2025-01-27 16:06:50,177] INFO Shutting down. (kafka.log.LogManager)
[2025-01-27 16:06:50,194] INFO [ProducerStateManager partition=tp-meteo-0] Writing producer snapshot at offset 36 (kafka.log.ProducerStateManager)
[2025-01-27 16:06:50,197] INFO [ProducerStateManager partition=__consumer_offsets-3] Writing producer snapshot at offset 2 (kafka.log.ProducerStateManager)
[2025-01-27 16:06:50,199] INFO [ProducerStateManager partition=tp-meteo-final-0] Writing producer snapshot at offset 36 (kafka.log.ProducerStateManager)
[2025-01-27 16:06:50,208] INFO [ProducerStateManager partition=__consumer_offsets-34] Writing producer snapshot at offset 2 (kafka.log.ProducerStateManager)
[2025-01-27 16:06:50,214] INFO Shutdown complete. (kafka.log.LogManager)
[2025-01-27 16:06:50,222] INFO [ZooKeeperClient Kafka server] Closing. (kafka.zookeeper.ZooKeeperClient)
[2025-01-27 16:06:50,326] INFO Session: 0x100001164fc0000 closed (org.apache.zookeeper.ZooKeeper)
[2025-01-27 16:06:50,327] INFO EventThread shut down for session: 0x100001164fc0000 (org.apache.zookeeper.ClientCnxn)
[2025-01-27 16:06:50,327] INFO [ZooKeeperClient Kafka server] Closed. (kafka.zookeeper.ZooKeeperClient)
[2025-01-27 16:06:50,328] INFO [ThrottledChannelReaper-Fetch]: Shutting down (kafka.server.ClientQuotaManager$ThrottledChannelReaper)
[2025-01-27 16:06:50,895] INFO [ThrottledChannelReaper-Fetch]: Stopped (kafka.server.ClientQuotaManager$ThrottledChannelReaper)
[2025-01-27 16:06:50,895] INFO [ThrottledChannelReaper-Fetch]: Shutdown completed (kafka.server.ClientQuotaManager$ThrottledChannelReaper)
[2025-01-27 16:06:50,895] INFO [ThrottledChannelReaper-Produce]: Shutting down (kafka.server.ClientQuotaManager$ThrottledChannelReaper)
[2025-01-27 16:06:50,900] INFO [ThrottledChannelReaper-Produce]: Stopped (kafka.server.ClientQuotaManager$ThrottledChannelReaper)
[2025-01-27 16:06:50,900] INFO [ThrottledChannelReaper-Produce]: Shutdown completed (kafka.server.ClientQuotaManager$ThrottledChannelReaper)
[2025-01-27 16:06:50,901] INFO [ThrottledChannelReaper-Request]: Shutting down (kafka.server.ClientQuotaManager$ThrottledChannelReaper)
[2025-01-27 16:06:50,904] INFO [ThrottledChannelReaper-Request]: Stopped (kafka.server.ClientQuotaManager$ThrottledChannelReaper)
[2025-01-27 16:06:50,904] INFO [ThrottledChannelReaper-Request]: Shutdown completed (kafka.server.ClientQuotaManager$ThrottledChannelReaper)
[2025-01-27 16:06:50,905] INFO [SocketServer brokerId=0] Shutting down socket server (kafka.network.SocketServer)
[2025-01-27 16:06:50,925] INFO [SocketServer brokerId=0] Shutdown completed (kafka.network.SocketServer)
[2025-01-27 16:06:50,928] INFO [KafkaServer id=0] shut down completed (kafka.server.KafkaServer)
